[debug] [2022-08-31T14:30:54.182Z] ----------------------------------------------------------------------
[debug] [2022-08-31T14:30:54.187Z] Command:       C:\Program Files\nodejs\node.exe C:\Users\Yousu\AppData\Roaming\npm\node_modules\firebase-tools\lib\bin\firebase.js init
[debug] [2022-08-31T14:30:54.188Z] CLI Version:   11.1.0
[debug] [2022-08-31T14:30:54.188Z] Platform:      win32
[debug] [2022-08-31T14:30:54.188Z] Node Version:  v16.14.2
[debug] [2022-08-31T14:30:54.190Z] Time:          Wed Aug 31 2022 20:30:54 GMT+0600 (Bangladesh Standard Time)
[debug] [2022-08-31T14:30:54.190Z] ----------------------------------------------------------------------
[debug] 
[debug] [2022-08-31T14:30:54.331Z] > command requires scopes: ["email","openid","https://www.googleapis.com/auth/cloudplatformprojects.readonly","https://www.googleapis.com/auth/firebase","https://www.googleapis.com/auth/cloud-platform"]
[debug] [2022-08-31T14:30:54.332Z] > authorizing via signed-in user (ih.enan1007@gmail.com)
[info] 
     ######## #### ########  ######## ########     ###     ######  ########
     ##        ##  ##     ## ##       ##     ##  ##   ##  ##       ##
     ######    ##  ########  ######   ########  #########  ######  ######
     ##        ##  ##    ##  ##       ##     ## ##     ##       ## ##
     ##       #### ##     ## ######## ########  ##     ##  ######  ########

You're about to initialize a Firebase project in this directory:

  F:\Practice\Project-Sunshine\e-env\e-env-client

Before we get started, keep in mind:

  * You are initializing within an existing Firebase project directory

[info] 
=== Project Setup
[info] 
[info] First, let's associate this project directory with a Firebase project.
[info] You can create multiple project aliases by running firebase use --add, 
[info] but for now we'll just set up a default project.
[info] 
[debug] [2022-08-31T14:31:02.237Z] Using project from CLI flag: e-env
[debug] [2022-08-31T14:31:02.243Z] >>> [apiv2][query] GET https://firebase.googleapis.com/v1beta1/projects/e-env [none]
[debug] [2022-08-31T14:31:03.428Z] <<< [apiv2][status] GET https://firebase.googleapis.com/v1beta1/projects/e-env 403
[debug] [2022-08-31T14:31:03.429Z] <<< [apiv2][body] GET https://firebase.googleapis.com/v1beta1/projects/e-env {"error":{"code":403,"message":"The caller does not have permission","status":"PERMISSION_DENIED"}}
[debug] [2022-08-31T14:31:03.431Z] HTTP Error: 403, The caller does not have permission
[debug] [2022-08-31T14:31:03.788Z] FirebaseError: HTTP Error: 403, The caller does not have permission
    at responseToError (C:\Users\Yousu\AppData\Roaming\npm\node_modules\firebase-tools\lib\responseToError.js:49:12)
    at RetryOperation._fn (C:\Users\Yousu\AppData\Roaming\npm\node_modules\firebase-tools\lib\apiv2.js:287:77)
    at processTicksAndRejections (node:internal/process/task_queues:96:5)
[error] 
[error] Error: Failed to get Firebase project e-env. Please make sure the project exists and your account has permission to access it.
[debug] [2022-08-31T14:31:29.632Z] ----------------------------------------------------------------------
[debug] [2022-08-31T14:31:29.636Z] Command:       C:\Program Files\nodejs\node.exe C:\Users\Yousu\AppData\Roaming\npm\node_modules\firebase-tools\lib\bin\firebase.js use --add
[debug] [2022-08-31T14:31:29.637Z] CLI Version:   11.1.0
[debug] [2022-08-31T14:31:29.638Z] Platform:      win32
[debug] [2022-08-31T14:31:29.638Z] Node Version:  v16.14.2
[debug] [2022-08-31T14:31:29.640Z] Time:          Wed Aug 31 2022 20:31:29 GMT+0600 (Bangladesh Standard Time)
[debug] [2022-08-31T14:31:29.640Z] ----------------------------------------------------------------------
[debug] 
[debug] [2022-08-31T14:31:29.780Z] > command requires scopes: ["email","openid","https://www.googleapis.com/auth/cloudplatformprojects.readonly","https://www.googleapis.com/auth/firebase","https://www.googleapis.com/auth/cloud-platform"]
[debug] [2022-08-31T14:31:29.781Z] > authorizing via signed-in user (ih.enan1007@gmail.com)
[debug] [2022-08-31T14:31:29.788Z] >>> [apiv2][query] GET https://firebase.googleapis.com/v1beta1/projects pageSize=1000
[debug] [2022-08-31T14:31:30.905Z] <<< [apiv2][status] GET https://firebase.googleapis.com/v1beta1/projects 200
[debug] [2022-08-31T14:31:30.905Z] <<< [apiv2][body] GET https://firebase.googleapis.com/v1beta1/projects [omitted]
[debug] [2022-08-31T14:40:43.021Z] ----------------------------------------------------------------------
[debug] [2022-08-31T14:40:43.025Z] Command:       C:\Program Files\nodejs\node.exe C:\Users\Yousu\AppData\Roaming\npm\node_modules\firebase-tools\lib\bin\firebase.js init
[debug] [2022-08-31T14:40:43.026Z] CLI Version:   11.1.0
[debug] [2022-08-31T14:40:43.027Z] Platform:      win32
[debug] [2022-08-31T14:40:43.027Z] Node Version:  v16.14.2
[debug] [2022-08-31T14:40:43.029Z] Time:          Wed Aug 31 2022 20:40:43 GMT+0600 (Bangladesh Standard Time)
[debug] [2022-08-31T14:40:43.029Z] ----------------------------------------------------------------------
[debug] 
[debug] [2022-08-31T14:40:43.179Z] > command requires scopes: ["email","openid","https://www.googleapis.com/auth/cloudplatformprojects.readonly","https://www.googleapis.com/auth/firebase","https://www.googleapis.com/auth/cloud-platform"]
[debug] [2022-08-31T14:40:43.180Z] > authorizing via signed-in user (ih.enan1007@gmail.com)
[info] 
     ######## #### ########  ######## ########     ###     ######  ########
     ##        ##  ##     ## ##       ##     ##  ##   ##  ##       ##
     ######    ##  ########  ######   ########  #########  ######  ######
     ##        ##  ##    ##  ##       ##     ## ##     ##       ## ##
     ##       #### ##     ## ######## ########  ##     ##  ######  ########

You're about to initialize a Firebase project in this directory:

  F:\Practice\Project-Sunshine\e-env\e-env-client

Before we get started, keep in mind:

  * You are initializing within an existing Firebase project directory

[info] 
=== Project Setup
[info] 
[info] First, let's associate this project directory with a Firebase project.
[info] You can create multiple project aliases by running firebase use --add, 
[info] but for now we'll just set up a default project.
[info] 
[debug] [2022-08-31T14:40:51.488Z] Using project from CLI flag: e-env
[debug] [2022-08-31T14:40:51.494Z] >>> [apiv2][query] GET https://firebase.googleapis.com/v1beta1/projects/e-env [none]
[debug] [2022-08-31T14:40:52.405Z] <<< [apiv2][status] GET https://firebase.googleapis.com/v1beta1/projects/e-env 403
[debug] [2022-08-31T14:40:52.405Z] <<< [apiv2][body] GET https://firebase.googleapis.com/v1beta1/projects/e-env {"error":{"code":403,"message":"The caller does not have permission","status":"PERMISSION_DENIED"}}
[debug] [2022-08-31T14:40:52.406Z] HTTP Error: 403, The caller does not have permission
[debug] [2022-08-31T14:40:52.778Z] FirebaseError: HTTP Error: 403, The caller does not have permission
    at responseToError (C:\Users\Yousu\AppData\Roaming\npm\node_modules\firebase-tools\lib\responseToError.js:49:12)
    at RetryOperation._fn (C:\Users\Yousu\AppData\Roaming\npm\node_modules\firebase-tools\lib\apiv2.js:287:77)
    at processTicksAndRejections (node:internal/process/task_queues:96:5)
[error] 
[error] Error: Failed to get Firebase project e-env. Please make sure the project exists and your account has permission to access it.
