[debug] [2022-08-31T15:31:22.765Z] ----------------------------------------------------------------------
[debug] [2022-08-31T15:31:22.770Z] Command:       C:\Program Files\nodejs\node.exe C:\Users\Yousu\AppData\Roaming\npm\node_modules\firebase-tools\lib\bin\firebase.js init
[debug] [2022-08-31T15:31:22.771Z] CLI Version:   11.1.0
[debug] [2022-08-31T15:31:22.771Z] Platform:      win32
[debug] [2022-08-31T15:31:22.771Z] Node Version:  v16.14.2
[debug] [2022-08-31T15:31:22.779Z] Time:          Wed Aug 31 2022 21:31:22 GMT+0600 (Bangladesh Standard Time)
[debug] [2022-08-31T15:31:22.780Z] ----------------------------------------------------------------------
[debug] 
[debug] [2022-08-31T15:31:22.943Z] > command requires scopes: ["email","openid","https://www.googleapis.com/auth/cloudplatformprojects.readonly","https://www.googleapis.com/auth/firebase","https://www.googleapis.com/auth/cloud-platform"]
[debug] [2022-08-31T15:31:22.945Z] > authorizing via signed-in user (ih.enan1007@gmail.com)
[info] 
     ######## #### ########  ######## ########     ###     ######  ########
     ##        ##  ##     ## ##       ##     ##  ##   ##  ##       ##
     ######    ##  ########  ######   ########  #########  ######  ######
     ##        ##  ##    ##  ##       ##     ## ##     ##       ## ##
     ##       #### ##     ## ######## ########  ##     ##  ######  ########

You're about to initialize a Firebase project in this directory:

  F:\Practice\Project-Sunshine\e-env\e-env-client

Before we get started, keep in mind:

  * You are initializing within an existing Firebase project directory

[info] 
=== Project Setup
[info] 
[info] First, let's associate this project directory with a Firebase project.
[info] You can create multiple project aliases by running firebase use --add, 
[info] but for now we'll just set up a default project.
[info] 
[debug] [2022-08-31T15:31:29.905Z] Using project from CLI flag: e-env
[debug] [2022-08-31T15:31:29.908Z] > refreshing access token with scopes: []
[debug] [2022-08-31T15:31:29.912Z] >>> [apiv2][query] POST https://www.googleapis.com/oauth2/v3/token [none]
[debug] [2022-08-31T15:31:29.913Z] >>> [apiv2][body] POST https://www.googleapis.com/oauth2/v3/token [omitted]
[debug] [2022-08-31T15:31:41.015Z] Authentication Error: Your credentials are no longer valid. Please run firebase login --reauth

For CI servers and headless environments, generate a new token with firebase login:ci
[debug] [2022-08-31T15:31:52.116Z] FirebaseError: Authentication Error: Your credentials are no longer valid. Please run firebase login --reauth

For CI servers and headless environments, generate a new token with firebase login:ci
    at invalidCredentialError (C:\Users\Yousu\AppData\Roaming\npm\node_modules\firebase-tools\lib\auth.js:145:12)
    at refreshTokens (C:\Users\Yousu\AppData\Roaming\npm\node_modules\firebase-tools\lib\auth.js:511:15)
    at processTicksAndRejections (node:internal/process/task_queues:96:5)
    at async Client.getAccessToken (C:\Users\Yousu\AppData\Roaming\npm\node_modules\firebase-tools\lib\apiv2.js:148:23)
    at async Client.addAuthHeader (C:\Users\Yousu\AppData\Roaming\npm\node_modules\firebase-tools\lib\apiv2.js:139:21)
    at async Client.request (C:\Users\Yousu\AppData\Roaming\npm\node_modules\firebase-tools\lib\apiv2.js:95:34)
    at async getFirebaseProject (C:\Users\Yousu\AppData\Roaming\npm\node_modules\firebase-tools\lib\management\projects.js:296:21)
    at async doSetup (C:\Users\Yousu\AppData\Roaming\npm\node_modules\firebase-tools\lib\init\features\project.js:85:27)
    at async init (C:\Users\Yousu\AppData\Roaming\npm\node_modules\firebase-tools\lib\init\index.js:36:9)
[error] 
[error] Error: Failed to get Firebase project e-env. Please make sure the project exists and your account has permission to access it.
[debug] [2022-09-01T07:17:20.666Z] ----------------------------------------------------------------------
[debug] [2022-09-01T07:17:20.676Z] Command:       C:\Program Files\nodejs\node.exe C:\Users\Yousu\AppData\Roaming\npm\node_modules\firebase-tools\lib\bin\firebase.js init
[debug] [2022-09-01T07:17:20.678Z] CLI Version:   11.1.0
[debug] [2022-09-01T07:17:20.679Z] Platform:      win32
[debug] [2022-09-01T07:17:20.679Z] Node Version:  v16.14.2
[debug] [2022-09-01T07:17:20.683Z] Time:          Thu Sep 01 2022 13:17:20 GMT+0600 (Bangladesh Standard Time)
[debug] [2022-09-01T07:17:20.684Z] ----------------------------------------------------------------------
[debug] 
[debug] [2022-09-01T07:17:20.969Z] > command requires scopes: ["email","openid","https://www.googleapis.com/auth/cloudplatformprojects.readonly","https://www.googleapis.com/auth/firebase","https://www.googleapis.com/auth/cloud-platform"]
[debug] [2022-09-01T07:17:20.970Z] > authorizing via signed-in user (ih.enan1007@gmail.com)
[info] 
     ######## #### ########  ######## ########     ###     ######  ########
     ##        ##  ##     ## ##       ##     ##  ##   ##  ##       ##
     ######    ##  ########  ######   ########  #########  ######  ######
     ##        ##  ##    ##  ##       ##     ## ##     ##       ## ##
     ##       #### ##     ## ######## ########  ##     ##  ######  ########

You're about to initialize a Firebase project in this directory:

  F:\Practice\Project-Sunshine\e-env\e-env-client

Before we get started, keep in mind:

  * You are initializing within an existing Firebase project directory

[info] 
=== Project Setup
[info] 
[info] First, let's associate this project directory with a Firebase project.
[info] You can create multiple project aliases by running firebase use --add, 
[info] but for now we'll just set up a default project.
[info] 
[debug] [2022-09-01T07:17:33.403Z] Using project from CLI flag: e-env
[debug] [2022-09-01T07:17:33.412Z] >>> [apiv2][query] GET https://firebase.googleapis.com/v1beta1/projects/e-env [none]
[debug] [2022-09-01T07:17:34.163Z] <<< [apiv2][status] GET https://firebase.googleapis.com/v1beta1/projects/e-env 403
[debug] [2022-09-01T07:17:34.164Z] <<< [apiv2][body] GET https://firebase.googleapis.com/v1beta1/projects/e-env {"error":{"code":403,"message":"The caller does not have permission","status":"PERMISSION_DENIED"}}
[debug] [2022-09-01T07:17:34.166Z] HTTP Error: 403, The caller does not have permission
[debug] [2022-09-01T07:17:34.378Z] FirebaseError: HTTP Error: 403, The caller does not have permission
    at responseToError (C:\Users\Yousu\AppData\Roaming\npm\node_modules\firebase-tools\lib\responseToError.js:49:12)
    at RetryOperation._fn (C:\Users\Yousu\AppData\Roaming\npm\node_modules\firebase-tools\lib\apiv2.js:287:77)
    at processTicksAndRejections (node:internal/process/task_queues:96:5)
[error] 
[error] Error: Failed to get Firebase project e-env. Please make sure the project exists and your account has permission to access it.
